#
# A fatal error has been detected by the Java Runtime Environment:
#
#  EXCEPTION_ACCESS_VIOLATION (0xc0000005) at pc=0x0000027e35ef0ec1, pid=13604, tid=16340
#
# JRE version: OpenJDK Runtime Environment Temurin-11.0.12+7 (11.0.12+7) (build 11.0.12+7)
# Java VM: OpenJDK 64-Bit Server VM Temurin-11.0.12+7 (11.0.12+7, mixed mode, tiered, compressed oops, g1 gc, windows-amd64)
# Problematic frame:
# J 609 c1 java.lang.invoke.MethodHandles$Lookup.checkSecurityManager(Ljava/lang/Class;Ljava/lang/invoke/MemberName;)V java.base@11.0.12 (104 bytes) @ 0x0000027e35ef0ec1 [0x0000027e35ef0300+0x0000000000000bc1]
#
# No core dump will be written. Minidumps are not enabled by default on client versions of Windows
#
# If you would like to submit a bug report, please visit:
#   https://github.com/adoptium/adoptium-support/issues
#

---------------  S U M M A R Y ------------

Command Line: JavaInterface

Host: AMD FX(tm)-6300 Six-Core Processor             , 6 cores, 7G,  Windows 10 , 64 bit Build 19041 (10.0.19041.1348)
Time: Mon Dec 20 18:46:01 2021 Hora oficial do Brasil elapsed time: 1.230492 seconds (0d 0h 0m 1s)

---------------  T H R E A D  ---------------

Current thread (0x0000027e2b960800):  JavaThread "main" [_thread_in_Java, id=16340, stack(0x000000fa7c600000,0x000000fa7c700000)]

Stack: [0x000000fa7c600000,0x000000fa7c700000],  sp=0x000000fa7c6fe148,  free space=1016k
Native frames: (J=compiled Java code, j=interpreted, Vv=VM code, C=native code)
C  0x0000027e35ef0ec1


siginfo: EXCEPTION_ACCESS_VIOLATION (0xc0000005), reading address 0xffffffffffffffff


Register to memory mapping:

RIP=0x0000027e35ef0ec1 is at entry_point+3009 in (nmethod*)0x0000027e35ef0010
RAX=0x0000000000000002 is an unknown value
RBX=0x0000000000000160 is an unknown value
RCX=0x0000000087b40708 is an oop: java.lang.invoke.MethodHandles$Lookup 
{0x0000000087b40708} - klass: 'java/lang/invoke/MethodHandles$Lookup'
RDX=0x0000000087b40708 is an oop: java.lang.invoke.MethodHandles$Lookup 
{0x0000000087b40708} - klass: 'java/lang/invoke/MethodHandles$Lookup'
RSP=0x000000fa7c6fe148 is pointing into the stack for thread: 0x0000027e2b960800
RBP=0x000000fa7c6fe1b8 is pointing into the stack for thread: 0x0000027e2b960800
RSI=0x0 is NULL
RDI=0x0000027e55c26c50 is pointing into metadata
R8 =0x0000000087b3ff70 is an oop: java.lang.Class 
{0x0000000087b3ff70} - klass: 'java/lang/Class'
R9 =0x0000000087b403d8 is an oop: java.lang.invoke.MemberName 
{0x0000000087b403d8} - klass: 'java/lang/invoke/MemberName'
R10=0x06130459532e0613 is an unknown value
R11=0x0000027e35ef0320 is at entry_point+32 in (nmethod*)0x0000027e35ef0010
R12=0x0 is NULL
R13=0x000000fa7c6fe158 is pointing into the stack for thread: 0x0000027e2b960800
R14=0x000000fa7c6fe1f0 is pointing into the stack for thread: 0x0000027e2b960800
R15=0x0000027e2b960800 is a thread


Registers:
RAX=0x0000000000000002, RBX=0x0000000000000160, RCX=0x0000000087b40708, RDX=0x0000000087b40708
RSP=0x000000fa7c6fe148, RBP=0x000000fa7c6fe1b8, RSI=0x0000000000000000, RDI=0x0000027e55c26c50
R8 =0x0000000087b3ff70, R9 =0x0000000087b403d8, R10=0x06130459532e0613, R11=0x0000027e35ef0320
R12=0x0000000000000000, R13=0x000000fa7c6fe158, R14=0x000000fa7c6fe1f0, R15=0x0000027e2b960800
RIP=0x0000027e35ef0ec1, EFLAGS=0x0000000000010202

Top of Stack: (sp=0x000000fa7c6fe148)
0x000000fa7c6fe148:   0000027e3587a4c3 0000027e3587a4c3
0x000000fa7c6fe158:   0000000087b403d8 0000000087b3ff70
0x000000fa7c6fe168:   0000000087b40708 000000fa7c6fe170
0x000000fa7c6fe178:   0000027e4c932b9a 000000fa7c6fe1f0
0x000000fa7c6fe188:   0000027e4c935660 0000000000000000
0x000000fa7c6fe198:   00000000882407e8 0000027e4c932c78
0x000000fa7c6fe1a8:   000000fa7c6fe158 000000fa7c6fe1e8
0x000000fa7c6fe1b8:   000000fa7c6fe248 0000027e3587a240
0x000000fa7c6fe1c8:   0000000000000000 0000000000000007
0x000000fa7c6fe1d8:   0000000087b3ff70 0000000087b403d8
0x000000fa7c6fe1e8:   0000000087b40598 0000000087b40708
0x000000fa7c6fe1f8:   0000000087b40720 000000fa7c6fe200
0x000000fa7c6fe208:   0000027e4ca7110b 000000fa7c6fe2c0
0x000000fa7c6fe218:   0000027e4ca71db0 0000000000000000
0x000000fa7c6fe228:   00000000882dacc8 0000027e4ca71358
0x000000fa7c6fe238:   000000fa7c6fe1e8 000000fa7c6fe278 

Instructions: (pc=0x0000027e35ef0ec1)
0x0000027e35ef0dc1:   c4 a0 00 00 00 5d 4d 8b 97 08 01 00 00 41 85 02
0x0000027e35ef0dd1:   c3 48 8b b4 24 80 00 00 00 48 3b 06 4c 8b c6 48
0x0000027e35ef0de1:   ba 50 6c c2 55 7e 02 00 00 45 8b 40 08 49 c1 e0
0x0000027e35ef0df1:   03 4c 3b 82 78 02 00 00 75 0d 48 83 82 80 02 00
0x0000027e35ef0e01:   00 01 e9 66 00 00 00 4c 3b 82 88 02 00 00 75 0d
0x0000027e35ef0e11:   48 83 82 90 02 00 00 01 e9 50 00 00 00 48 81 ba
0x0000027e35ef0e21:   78 02 00 00 00 00 00 00 75 17 4c 89 82 78 02 00
0x0000027e35ef0e31:   00 48 c7 82 80 02 00 00 01 00 00 00 e9 2c 00 00
0x0000027e35ef0e41:   00 48 81 ba 88 02 00 00 00 00 00 00 75 17 4c 89
0x0000027e35ef0e51:   82 88 02 00 00 48 c7 82 90 02 00 00 01 00 00 00
0x0000027e35ef0e61:   e9 08 00 00 00 48 83 82 68 02 00 00 01 49 b8 50
0x0000027e35ef0e71:   87 13 88 00 00 00 00 48 8b d6 66 90 48 b8 ff ff
0x0000027e35ef0e81:   ff ff ff ff ff ff e8 f4 9e 9c ff 48 81 c4 a0 00
0x0000027e35ef0e91:   00 00 5d 4d 8b 97 08 01 00 00 41 85 02 c3 48 81
0x0000027e35ef0ea1:   c4 a0 00 00 00 5d 4d 8b 97 08 01 00 00 41 85 02
0x0000027e35ef0eb1:   c3 48 81 c4 a0 00 00 00 5d 4d 8b 97 08 01 00 04
0x0000027e35ef0ec1:   41 85 02 c3 49 ba f8 35 93 4c 7e 02 00 00 4c 89
0x0000027e35ef0ed1:   54 24 08 48 c7 04 24 ff ff ff ff e8 9f 5d a7 ff
0x0000027e35ef0ee1:   e9 7b f4 ff ff 49 ba d8 31 5a 4c 7e 02 00 00 4c
0x0000027e35ef0ef1:   89 54 24 08 48 c7 04 24 ff ff ff ff e8 7e 5d a7
0x0000027e35ef0f01:   ff e9 94 f4 ff ff 49 ba 98 34 93 4c 7e 02 00 00
0x0000027e35ef0f11:   4c 89 54 24 08 48 c7 04 24 ff ff ff ff e8 5d 5d
0x0000027e35ef0f21:   a7 ff e9 33 f5 ff ff 49 ba 38 8c 93 4c 7e 02 00
0x0000027e35ef0f31:   00 4c 89 54 24 08 48 c7 04 24 ff ff ff ff e8 3c
0x0000027e35ef0f41:   5d a7 ff e9 f7 f5 ff ff e8 52 0c a7 ff 49 ba e0
0x0000027e35ef0f51:   0c 59 4c 7e 02 00 00 4c 89 54 24 08 48 c7 04 24
0x0000027e35ef0f61:   ff ff ff ff e8 16 5d a7 ff e9 11 f6 ff ff 49 ba
0x0000027e35ef0f71:   d8 31 5a 4c 7e 02 00 00 4c 89 54 24 08 48 c7 04
0x0000027e35ef0f81:   24 ff ff ff ff e8 f5 5c a7 ff e9 93 f6 ff ff e8
0x0000027e35ef0f91:   0b 0c a7 ff 49 ba e0 0c 59 4c 7e 02 00 00 4c 89
0x0000027e35ef0fa1:   54 24 08 48 c7 04 24 ff ff ff ff e8 cf 5c a7 ff
0x0000027e35ef0fb1:   e9 50 f7 ff ff 49 ba d8 31 5a 4c 7e 02 00 00 4c 


Stack slot to memory mapping:
stack at sp + 0 slots: 0x0000027e3587a4c3 is at code_begin+2307 in an Interpreter codelet
invoke return entry points  [0x0000027e35879bc0, 0x0000027e3587a5a0]  2528 bytes
stack at sp + 1 slots: 0x0000027e3587a4c3 is at code_begin+2307 in an Interpreter codelet
invoke return entry points  [0x0000027e35879bc0, 0x0000027e3587a5a0]  2528 bytes
stack at sp + 2 slots: 0x0000000087b403d8 is an oop: java.lang.invoke.MemberName 
{0x0000000087b403d8} - klass: 'java/lang/invoke/MemberName'
stack at sp + 3 slots: 0x0000000087b3ff70 is an oop: java.lang.Class 
{0x0000000087b3ff70} - klass: 'java/lang/Class'
stack at sp + 4 slots: 0x0000000087b40708 is an oop: java.lang.invoke.MethodHandles$Lookup 
{0x0000000087b40708} - klass: 'java/lang/invoke/MethodHandles$Lookup'
stack at sp + 5 slots: 0x000000fa7c6fe170 is pointing into the stack for thread: 0x0000027e2b960800
stack at sp + 6 slots: 0x0000027e4c932b9a is pointing into metadata
stack at sp + 7 slots: 0x000000fa7c6fe1f0 is pointing into the stack for thread: 0x0000027e2b960800



---------------  P R O C E S S  ---------------

Threads class SMR info:
_java_thread_list=0x0000027e4d038610, length=14, elements={
0x0000027e2b960800, 0x0000027e4c553800, 0x0000027e4c55d000, 0x0000027e4c54e800,
0x0000027e4c550000, 0x0000027e4c561000, 0x0000027e4c564000, 0x0000027e4c565000,
0x0000027e4c567000, 0x0000027e4d043800, 0x0000027e4d3ec000, 0x0000027e4d3ed800,
0x0000027e4d3ee800, 0x0000027e4d70e800
}

Java Threads: ( => current thread )
=>0x0000027e2b960800 JavaThread "main" [_thread_in_Java, id=16340, stack(0x000000fa7c600000,0x000000fa7c700000)]
  0x0000027e4c553800 JavaThread "Reference Handler" daemon [_thread_blocked, id=8512, stack(0x000000fa7cd00000,0x000000fa7ce00000)]
  0x0000027e4c55d000 JavaThread "Finalizer" daemon [_thread_blocked, id=16356, stack(0x000000fa7ce00000,0x000000fa7cf00000)]
  0x0000027e4c54e800 JavaThread "Signal Dispatcher" daemon [_thread_blocked, id=9888, stack(0x000000fa7cf00000,0x000000fa7d000000)]
  0x0000027e4c550000 JavaThread "Attach Listener" daemon [_thread_blocked, id=14624, stack(0x000000fa7d000000,0x000000fa7d100000)]
  0x0000027e4c561000 JavaThread "Service Thread" daemon [_thread_blocked, id=11392, stack(0x000000fa7d100000,0x000000fa7d200000)]
  0x0000027e4c564000 JavaThread "C2 CompilerThread0" daemon [_thread_blocked, id=15916, stack(0x000000fa7d200000,0x000000fa7d300000)]
  0x0000027e4c565000 JavaThread "C1 CompilerThread0" daemon [_thread_blocked, id=15436, stack(0x000000fa7d300000,0x000000fa7d400000)]
  0x0000027e4c567000 JavaThread "Sweeper thread" daemon [_thread_blocked, id=14828, stack(0x000000fa7d400000,0x000000fa7d500000)]
  0x0000027e4d043800 JavaThread "Common-Cleaner" daemon [_thread_blocked, id=1136, stack(0x000000fa7d600000,0x000000fa7d700000)]
  0x0000027e4d3ec000 JavaThread "Java2D Disposer" daemon [_thread_blocked, id=3688, stack(0x000000fa7d700000,0x000000fa7d800000)]
  0x0000027e4d3ed800 JavaThread "AWT-Shutdown" [_thread_blocked, id=13992, stack(0x000000fa7d800000,0x000000fa7d900000)]
  0x0000027e4d3ee800 JavaThread "AWT-Windows" daemon [_thread_in_native, id=8476, stack(0x000000fa7d900000,0x000000fa7da00000)]
  0x0000027e4d70e800 JavaThread "C2 CompilerThread1" daemon [_thread_blocked, id=15384, stack(0x000000fa7dc10000,0x000000fa7dd10000)]

Other Threads:
  0x0000027e4c53e000 VMThread "VM Thread" [stack: 0x000000fa7cc00000,0x000000fa7cd00000] [id=5068]
  0x0000027e4d039000 WatcherThread [stack: 0x000000fa7d500000,0x000000fa7d600000] [id=8456]
  0x0000027e2b978800 GCTaskThread "GC Thread#0" [stack: 0x000000fa7c700000,0x000000fa7c800000] [id=14288]
  0x0000027e2b9a7000 ConcurrentGCThread "G1 Main Marker" [stack: 0x000000fa7c800000,0x000000fa7c900000] [id=13776]
  0x0000027e2b9a8800 ConcurrentGCThread "G1 Conc#0" [stack: 0x000000fa7c900000,0x000000fa7ca00000] [id=16084]
  0x0000027e2ba31800 ConcurrentGCThread "G1 Refine#0" [stack: 0x000000fa7ca00000,0x000000fa7cb00000] [id=2384]
  0x0000027e4c390800 ConcurrentGCThread "G1 Young RemSet Sampling" [stack: 0x000000fa7cb00000,0x000000fa7cc00000] [id=136]

Threads with active compile tasks:

VM state:not at safepoint (normal execution)

VM Mutex/Monitor currently owned by a thread: None

Heap address: 0x0000000080400000, size: 2044 MB, Compressed Oops mode: 32-bit
Narrow klass base: 0x0000000000000000, Narrow klass shift: 3
Compressed class space size: 1073741824 Address: 0x0000000100000000

Heap:
 garbage-first heap   total 131072K, used 8192K [0x0000000080400000, 0x0000000100000000)
  region size 1024K, 9 young (9216K), 0 survivors (0K)
 Metaspace       used 11997K, capacity 12349K, committed 12416K, reserved 1060864K
  class space    used 1194K, capacity 1357K, committed 1408K, reserved 1048576K
Heap Regions: E=young(eden), S=young(survivor), O=old, HS=humongous(starts), HC=humongous(continues), CS=collection set, F=free, A=archive, TAMS=top-at-mark-start (previous, next)
|   0|0x0000000080400000, 0x0000000080400000, 0x0000000080500000|  0%| F|  |TAMS 0x0000000080400000, 0x0000000080400000| Untracked 
|   1|0x0000000080500000, 0x0000000080500000, 0x0000000080600000|  0%| F|  |TAMS 0x0000000080500000, 0x0000000080500000| Untracked 
|   2|0x0000000080600000, 0x0000000080600000, 0x0000000080700000|  0%| F|  |TAMS 0x0000000080600000, 0x0000000080600000| Untracked 
|   3|0x0000000080700000, 0x0000000080700000, 0x0000000080800000|  0%| F|  |TAMS 0x0000000080700000, 0x0000000080700000| Untracked 
|   4|0x0000000080800000, 0x0000000080800000, 0x0000000080900000|  0%| F|  |TAMS 0x0000000080800000, 0x0000000080800000| Untracked 
|   5|0x0000000080900000, 0x0000000080900000, 0x0000000080a00000|  0%| F|  |TAMS 0x0000000080900000, 0x0000000080900000| Untracked 
|   6|0x0000000080a00000, 0x0000000080a00000, 0x0000000080b00000|  0%| F|  |TAMS 0x0000000080a00000, 0x0000000080a00000| Untracked 
|   7|0x0000000080b00000, 0x0000000080b00000, 0x0000000080c00000|  0%| F|  |TAMS 0x0000000080b00000, 0x0000000080b00000| Untracked 
|   8|0x0000000080c00000, 0x0000000080c00000, 0x0000000080d00000|  0%| F|  |TAMS 0x0000000080c00000, 0x0000000080c00000| Untracked 
|   9|0x0000000080d00000, 0x0000000080d00000, 0x0000000080e00000|  0%| F|  |TAMS 0x0000000080d00000, 0x0000000080d00000| Untracked 
|  10|0x0000000080e00000, 0x0000000080e00000, 0x0000000080f00000|  0%| F|  |TAMS 0x0000000080e00000, 0x0000000080e00000| Untracked 
|  11|0x0000000080f00000, 0x0000000080f00000, 0x0000000081000000|  0%| F|  |TAMS 0x0000000080f00000, 0x0000000080f00000| Untracked 
|  12|0x0000000081000000, 0x0000000081000000, 0x0000000081100000|  0%| F|  |TAMS 0x0000000081000000, 0x0000000081000000| Untracked 
|  13|0x0000000081100000, 0x0000000081100000, 0x0000000081200000|  0%| F|  |TAMS 0x0000000081100000, 0x0000000081100000| Untracked 
|  14|0x0000000081200000, 0x0000000081200000, 0x0000000081300000|  0%| F|  |TAMS 0x0000000081200000, 0x0000000081200000| Untracked 
|  15|0x0000000081300000, 0x0000000081300000, 0x0000000081400000|  0%| F|  |TAMS 0x0000000081300000, 0x0000000081300000| Untracked 
|  16|0x0000000081400000, 0x0000000081400000, 0x0000000081500000|  0%| F|  |TAMS 0x0000000081400000, 0x0000000081400000| Untracked 
|  17|0x0000000081500000, 0x0000000081500000, 0x0000000081600000|  0%| F|  |TAMS 0x0000000081500000, 0x0000000081500000| Untracked 
|  18|0x0000000081600000, 0x0000000081600000, 0x0000000081700000|  0%| F|  |TAMS 0x0000000081600000, 0x0000000081600000| Untracked 
|  19|0x0000000081700000, 0x0000000081700000, 0x0000000081800000|  0%| F|  |TAMS 0x0000000081700000, 0x0000000081700000| Untracked 
|  20|0x0000000081800000, 0x0000000081800000, 0x0000000081900000|  0%| F|  |TAMS 0x0000000081800000, 0x0000000081800000| Untracked 
|  21|0x0000000081900000, 0x0000000081900000, 0x0000000081a00000|  0%| F|  |TAMS 0x0000000081900000, 0x0000000081900000| Untracked 
|  22|0x0000000081a00000, 0x0000000081a00000, 0x0000000081b00000|  0%| F|  |TAMS 0x0000000081a00000, 0x0000000081a00000| Untracked 
|  23|0x0000000081b00000, 0x0000000081b00000, 0x0000000081c00000|  0%| F|  |TAMS 0x0000000081b00000, 0x0000000081b00000| Untracked 
|  24|0x0000000081c00000, 0x0000000081c00000, 0x0000000081d00000|  0%| F|  |TAMS 0x0000000081c00000, 0x0000000081c00000| Untracked 
|  25|0x0000000081d00000, 0x0000000081d00000, 0x0000000081e00000|  0%| F|  |TAMS 0x0000000081d00000, 0x0000000081d00000| Untracked 
|  26|0x0000000081e00000, 0x0000000081e00000, 0x0000000081f00000|  0%| F|  |TAMS 0x0000000081e00000, 0x0000000081e00000| Untracked 
|  27|0x0000000081f00000, 0x0000000081f00000, 0x0000000082000000|  0%| F|  |TAMS 0x0000000081f00000, 0x0000000081f00000| Untracked 
|  28|0x0000000082000000, 0x0000000082000000, 0x0000000082100000|  0%| F|  |TAMS 0x0000000082000000, 0x0000000082000000| Untracked 
|  29|0x0000000082100000, 0x0000000082100000, 0x0000000082200000|  0%| F|  |TAMS 0x0000000082100000, 0x0000000082100000| Untracked 
|  30|0x0000000082200000, 0x0000000082200000, 0x0000000082300000|  0%| F|  |TAMS 0x0000000082200000, 0x0000000082200000| Untracked 
|  31|0x0000000082300000, 0x0000000082300000, 0x0000000082400000|  0%| F|  |TAMS 0x0000000082300000, 0x0000000082300000| Untracked 
|  32|0x0000000082400000, 0x0000000082400000, 0x0000000082500000|  0%| F|  |TAMS 0x0000000082400000, 0x0000000082400000| Untracked 
|  33|0x0000000082500000, 0x0000000082500000, 0x0000000082600000|  0%| F|  |TAMS 0x0000000082500000, 0x0000000082500000| Untracked 
|  34|0x0000000082600000, 0x0000000082600000, 0x0000000082700000|  0%| F|  |TAMS 0x0000000082600000, 0x0000000082600000| Untracked 
|  35|0x0000000082700000, 0x0000000082700000, 0x0000000082800000|  0%| F|  |TAMS 0x0000000082700000, 0x0000000082700000| Untracked 
|  36|0x0000000082800000, 0x0000000082800000, 0x0000000082900000|  0%| F|  |TAMS 0x0000000082800000, 0x0000000082800000| Untracked 
|  37|0x0000000082900000, 0x0000000082900000, 0x0000000082a00000|  0%| F|  |TAMS 0x0000000082900000, 0x0000000082900000| Untracked 
|  38|0x0000000082a00000, 0x0000000082a00000, 0x0000000082b00000|  0%| F|  |TAMS 0x0000000082a00000, 0x0000000082a00000| Untracked 
|  39|0x0000000082b00000, 0x0000000082b00000, 0x0000000082c00000|  0%| F|  |TAMS 0x0000000082b00000, 0x0000000082b00000| Untracked 
|  40|0x0000000082c00000, 0x0000000082c00000, 0x0000000082d00000|  0%| F|  |TAMS 0x0000000082c00000, 0x0000000082c00000| Untracked 
|  41|0x0000000082d00000, 0x0000000082d00000, 0x0000000082e00000|  0%| F|  |TAMS 0x0000000082d00000, 0x0000000082d00000| Untracked 
|  42|0x0000000082e00000, 0x0000000082e00000, 0x0000000082f00000|  0%| F|  |TAMS 0x0000000082e00000, 0x0000000082e00000| Untracked 
|  43|0x0000000082f00000, 0x0000000082f00000, 0x0000000083000000|  0%| F|  |TAMS 0x0000000082f00000, 0x0000000082f00000| Untracked 
|  44|0x0000000083000000, 0x0000000083000000, 0x0000000083100000|  0%| F|  |TAMS 0x0000000083000000, 0x0000000083000000| Untracked 
|  45|0x0000000083100000, 0x0000000083100000, 0x0000000083200000|  0%| F|  |TAMS 0x0000000083100000, 0x0000000083100000| Untracked 
|  46|0x0000000083200000, 0x0000000083200000, 0x0000000083300000|  0%| F|  |TAMS 0x0000000083200000, 0x0000000083200000| Untracked 
|  47|0x0000000083300000, 0x0000000083300000, 0x0000000083400000|  0%| F|  |TAMS 0x0000000083300000, 0x0000000083300000| Untracked 
|  48|0x0000000083400000, 0x0000000083400000, 0x0000000083500000|  0%| F|  |TAMS 0x0000000083400000, 0x0000000083400000| Untracked 
|  49|0x0000000083500000, 0x0000000083500000, 0x0000000083600000|  0%| F|  |TAMS 0x0000000083500000, 0x0000000083500000| Untracked 
|  50|0x0000000083600000, 0x0000000083600000, 0x0000000083700000|  0%| F|  |TAMS 0x0000000083600000, 0x0000000083600000| Untracked 
|  51|0x0000000083700000, 0x0000000083700000, 0x0000000083800000|  0%| F|  |TAMS 0x0000000083700000, 0x0000000083700000| Untracked 
|  52|0x0000000083800000, 0x0000000083800000, 0x0000000083900000|  0%| F|  |TAMS 0x0000000083800000, 0x0000000083800000| Untracked 
|  53|0x0000000083900000, 0x0000000083900000, 0x0000000083a00000|  0%| F|  |TAMS 0x0000000083900000, 0x0000000083900000| Untracked 
|  54|0x0000000083a00000, 0x0000000083a00000, 0x0000000083b00000|  0%| F|  |TAMS 0x0000000083a00000, 0x0000000083a00000| Untracked 
|  55|0x0000000083b00000, 0x0000000083b00000, 0x0000000083c00000|  0%| F|  |TAMS 0x0000000083b00000, 0x0000000083b00000| Untracked 
|  56|0x0000000083c00000, 0x0000000083c00000, 0x0000000083d00000|  0%| F|  |TAMS 0x0000000083c00000, 0x0000000083c00000| Untracked 
|  57|0x0000000083d00000, 0x0000000083d00000, 0x0000000083e00000|  0%| F|  |TAMS 0x0000000083d00000, 0x0000000083d00000| Untracked 
|  58|0x0000000083e00000, 0x0000000083e00000, 0x0000000083f00000|  0%| F|  |TAMS 0x0000000083e00000, 0x0000000083e00000| Untracked 
|  59|0x0000000083f00000, 0x0000000083f00000, 0x0000000084000000|  0%| F|  |TAMS 0x0000000083f00000, 0x0000000083f00000| Untracked 
|  60|0x0000000084000000, 0x0000000084000000, 0x0000000084100000|  0%| F|  |TAMS 0x0000000084000000, 0x0000000084000000| Untracked 
|  61|0x0000000084100000, 0x0000000084100000, 0x0000000084200000|  0%| F|  |TAMS 0x0000000084100000, 0x0000000084100000| Untracked 
|  62|0x0000000084200000, 0x0000000084200000, 0x0000000084300000|  0%| F|  |TAMS 0x0000000084200000, 0x0000000084200000| Untracked 
|  63|0x0000000084300000, 0x0000000084300000, 0x0000000084400000|  0%| F|  |TAMS 0x0000000084300000, 0x0000000084300000| Untracked 
|  64|0x0000000084400000, 0x0000000084400000, 0x0000000084500000|  0%| F|  |TAMS 0x0000000084400000, 0x0000000084400000| Untracked 
|  65|0x0000000084500000, 0x0000000084500000, 0x0000000084600000|  0%| F|  |TAMS 0x0000000084500000, 0x0000000084500000| Untracked 
|  66|0x0000000084600000, 0x0000000084600000, 0x0000000084700000|  0%| F|  |TAMS 0x0000000084600000, 0x0000000084600000| Untracked 
|  67|0x0000000084700000, 0x0000000084700000, 0x0000000084800000|  0%| F|  |TAMS 0x0000000084700000, 0x0000000084700000| Untracked 
|  68|0x0000000084800000, 0x0000000084800000, 0x0000000084900000|  0%| F|  |TAMS 0x0000000084800000, 0x0000000084800000| Untracked 
|  69|0x0000000084900000, 0x0000000084900000, 0x0000000084a00000|  0%| F|  |TAMS 0x0000000084900000, 0x0000000084900000| Untracked 
|  70|0x0000000084a00000, 0x0000000084a00000, 0x0000000084b00000|  0%| F|  |TAMS 0x0000000084a00000, 0x0000000084a00000| Untracked 
|  71|0x0000000084b00000, 0x0000000084b00000, 0x0000000084c00000|  0%| F|  |TAMS 0x0000000084b00000, 0x0000000084b00000| Untracked 
|  72|0x0000000084c00000, 0x0000000084c00000, 0x0000000084d00000|  0%| F|  |TAMS 0x0000000084c00000, 0x0000000084c00000| Untracked 
|  73|0x0000000084d00000, 0x0000000084d00000, 0x0000000084e00000|  0%| F|  |TAMS 0x0000000084d00000, 0x0000000084d00000| Untracked 
|  74|0x0000000084e00000, 0x0000000084e00000, 0x0000000084f00000|  0%| F|  |TAMS 0x0000000084e00000, 0x0000000084e00000| Untracked 
|  75|0x0000000084f00000, 0x0000000084f00000, 0x0000000085000000|  0%| F|  |TAMS 0x0000000084f00000, 0x0000000084f00000| Untracked 
|  76|0x0000000085000000, 0x0000000085000000, 0x0000000085100000|  0%| F|  |TAMS 0x0000000085000000, 0x0000000085000000| Untracked 
|  77|0x0000000085100000, 0x0000000085100000, 0x0000000085200000|  0%| F|  |TAMS 0x0000000085100000, 0x0000000085100000| Untracked 
|  78|0x0000000085200000, 0x0000000085200000, 0x0000000085300000|  0%| F|  |TAMS 0x0000000085200000, 0x0000000085200000| Untracked 
|  79|0x0000000085300000, 0x0000000085300000, 0x0000000085400000|  0%| F|  |TAMS 0x0000000085300000, 0x0000000085300000| Untracked 
|  80|0x0000000085400000, 0x0000000085400000, 0x0000000085500000|  0%| F|  |TAMS 0x0000000085400000, 0x0000000085400000| Untracked 
|  81|0x0000000085500000, 0x0000000085500000, 0x0000000085600000|  0%| F|  |TAMS 0x0000000085500000, 0x0000000085500000| Untracked 
|  82|0x0000000085600000, 0x0000000085600000, 0x0000000085700000|  0%| F|  |TAMS 0x0000000085600000, 0x0000000085600000| Untracked 
|  83|0x0000000085700000, 0x0000000085700000, 0x0000000085800000|  0%| F|  |TAMS 0x0000000085700000, 0x0000000085700000| Untracked 
|  84|0x0000000085800000, 0x0000000085800000, 0x0000000085900000|  0%| F|  |TAMS 0x0000000085800000, 0x0000000085800000| Untracked 
|  85|0x0000000085900000, 0x0000000085900000, 0x0000000085a00000|  0%| F|  |TAMS 0x0000000085900000, 0x0000000085900000| Untracked 
|  86|0x0000000085a00000, 0x0000000085a00000, 0x0000000085b00000|  0%| F|  |TAMS 0x0000000085a00000, 0x0000000085a00000| Untracked 
|  87|0x0000000085b00000, 0x0000000085b00000, 0x0000000085c00000|  0%| F|  |TAMS 0x0000000085b00000, 0x0000000085b00000| Untracked 
|  88|0x0000000085c00000, 0x0000000085c00000, 0x0000000085d00000|  0%| F|  |TAMS 0x0000000085c00000, 0x0000000085c00000| Untracked 
|  89|0x0000000085d00000, 0x0000000085d00000, 0x0000000085e00000|  0%| F|  |TAMS 0x0000000085d00000, 0x0000000085d00000| Untracked 
|  90|0x0000000085e00000, 0x0000000085e00000, 0x0000000085f00000|  0%| F|  |TAMS 0x0000000085e00000, 0x0000000085e00000| Untracked 
|  91|0x0000000085f00000, 0x0000000085f00000, 0x0000000086000000|  0%| F|  |TAMS 0x0000000085f00000, 0x0000000085f00000| Untracked 
|  92|0x0000000086000000, 0x0000000086000000, 0x0000000086100000|  0%| F|  |TAMS 0x0000000086000000, 0x0000000086000000| Untracked 
|  93|0x0000000086100000, 0x0000000086100000, 0x0000000086200000|  0%| F|  |TAMS 0x0000000086100000, 0x0000000086100000| Untracked 
|  94|0x0000000086200000, 0x0000000086200000, 0x0000000086300000|  0%| F|  |TAMS 0x0000000086200000, 0x0000000086200000| Untracked 
|  95|0x0000000086300000, 0x0000000086300000, 0x0000000086400000|  0%| F|  |TAMS 0x0000000086300000, 0x0000000086300000| Untracked 
|  96|0x0000000086400000, 0x0000000086400000, 0x0000000086500000|  0%| F|  |TAMS 0x0000000086400000, 0x0000000086400000| Untracked 
|  97|0x0000000086500000, 0x0000000086500000, 0x0000000086600000|  0%| F|  |TAMS 0x0000000086500000, 0x0000000086500000| Untracked 
|  98|0x0000000086600000, 0x0000000086600000, 0x0000000086700000|  0%| F|  |TAMS 0x0000000086600000, 0x0000000086600000| Untracked 
|  99|0x0000000086700000, 0x0000000086700000, 0x0000000086800000|  0%| F|  |TAMS 0x0000000086700000, 0x0000000086700000| Untracked 
| 100|0x0000000086800000, 0x0000000086800000, 0x0000000086900000|  0%| F|  |TAMS 0x0000000086800000, 0x0000000086800000| Untracked 
| 101|0x0000000086900000, 0x0000000086900000, 0x0000000086a00000|  0%| F|  |TAMS 0x0000000086900000, 0x0000000086900000| Untracked 
| 102|0x0000000086a00000, 0x0000000086a00000, 0x0000000086b00000|  0%| F|  |TAMS 0x0000000086a00000, 0x0000000086a00000| Untracked 
| 103|0x0000000086b00000, 0x0000000086b00000, 0x0000000086c00000|  0%| F|  |TAMS 0x0000000086b00000, 0x0000000086b00000| Untracked 
| 104|0x0000000086c00000, 0x0000000086c00000, 0x0000000086d00000|  0%| F|  |TAMS 0x0000000086c00000, 0x0000000086c00000| Untracked 
| 105|0x0000000086d00000, 0x0000000086d00000, 0x0000000086e00000|  0%| F|  |TAMS 0x0000000086d00000, 0x0000000086d00000| Untracked 
| 106|0x0000000086e00000, 0x0000000086e00000, 0x0000000086f00000|  0%| F|  |TAMS 0x0000000086e00000, 0x0000000086e00000| Untracked 
| 107|0x0000000086f00000, 0x0000000086f00000, 0x0000000087000000|  0%| F|  |TAMS 0x0000000086f00000, 0x0000000086f00000| Untracked 
| 108|0x0000000087000000, 0x0000000087000000, 0x0000000087100000|  0%| F|  |TAMS 0x0000000087000000, 0x0000000087000000| Untracked 
| 109|0x0000000087100000, 0x0000000087100000, 0x0000000087200000|  0%| F|  |TAMS 0x0000000087100000, 0x0000000087100000| Untracked 
| 110|0x0000000087200000, 0x0000000087200000, 0x0000000087300000|  0%| F|  |TAMS 0x0000000087200000, 0x0000000087200000| Untracked 
| 111|0x0000000087300000, 0x0000000087300000, 0x0000000087400000|  0%| F|  |TAMS 0x0000000087300000, 0x0000000087300000| Untracked 
| 112|0x0000000087400000, 0x0000000087400000, 0x0000000087500000|  0%| F|  |TAMS 0x0000000087400000, 0x0000000087400000| Untracked 
| 113|0x0000000087500000, 0x0000000087500000, 0x0000000087600000|  0%| F|  |TAMS 0x0000000087500000, 0x0000000087500000| Untracked 
| 114|0x0000000087600000, 0x0000000087600000, 0x0000000087700000|  0%| F|  |TAMS 0x0000000087600000, 0x0000000087600000| Untracked 
| 115|0x0000000087700000, 0x0000000087700000, 0x0000000087800000|  0%| F|  |TAMS 0x0000000087700000, 0x0000000087700000| Untracked 
| 116|0x0000000087800000, 0x0000000087800000, 0x0000000087900000|  0%| F|  |TAMS 0x0000000087800000, 0x0000000087800000| Untracked 
| 117|0x0000000087900000, 0x0000000087900000, 0x0000000087a00000|  0%| F|  |TAMS 0x0000000087900000, 0x0000000087900000| Untracked 
| 118|0x0000000087a00000, 0x0000000087a00000, 0x0000000087b00000|  0%| F|  |TAMS 0x0000000087a00000, 0x0000000087a00000| Untracked 
| 119|0x0000000087b00000, 0x0000000087b71248, 0x0000000087c00000| 44%| E|  |TAMS 0x0000000087b00000, 0x0000000087b00000| Complete 
| 120|0x0000000087c00000, 0x0000000087d00000, 0x0000000087d00000|100%| E|CS|TAMS 0x0000000087c00000, 0x0000000087c00000| Complete 
| 121|0x0000000087d00000, 0x0000000087e00000, 0x0000000087e00000|100%| E|CS|TAMS 0x0000000087d00000, 0x0000000087d00000| Complete 
| 122|0x0000000087e00000, 0x0000000087f00000, 0x0000000087f00000|100%| E|CS|TAMS 0x0000000087e00000, 0x0000000087e00000| Complete 
| 123|0x0000000087f00000, 0x0000000088000000, 0x0000000088000000|100%| E|CS|TAMS 0x0000000087f00000, 0x0000000087f00000| Complete 
| 124|0x0000000088000000, 0x0000000088100000, 0x0000000088100000|100%| E|CS|TAMS 0x0000000088000000, 0x0000000088000000| Complete 
| 125|0x0000000088100000, 0x0000000088200000, 0x0000000088200000|100%| E|CS|TAMS 0x0000000088100000, 0x0000000088100000| Complete 
| 126|0x0000000088200000, 0x0000000088300000, 0x0000000088300000|100%| E|CS|TAMS 0x0000000088200000, 0x0000000088200000| Complete 
| 127|0x0000000088300000, 0x0000000088400000, 0x0000000088400000|100%| E|CS|TAMS 0x0000000088300000, 0x0000000088300000| Complete 

Card table byte_map: [0x0000027e454b0000,0x0000027e458b0000] _byte_map_base: 0x0000027e450ae000

Marking Bits (Prev, Next): (CMBitMap*) 0x0000027e2b99e478, (CMBitMap*) 0x0000027e2b99e4b0
 Prev Bits: [0x0000027e45cb0000, 0x0000027e47ca0000)
 Next Bits: [0x0000027e47ca0000, 0x0000027e49c90000)

Polling page: 0x0000027e2ba40000

Metaspace:

Usage:
  Non-class:     10.73 MB capacity,    10.55 MB ( 98%) used,   157.27 KB (  1%) free+waste,    31.88 KB ( <1%) overhead. 
      Class:      1.33 MB capacity,     1.17 MB ( 88%) used,   144.62 KB ( 11%) free+waste,    17.94 KB (  1%) overhead. 
       Both:     12.06 MB capacity,    11.72 MB ( 97%) used,   301.89 KB (  2%) free+waste,    49.81 KB ( <1%) overhead. 

Virtual space:
  Non-class space:       12.00 MB reserved,      10.75 MB ( 90%) committed 
      Class space:        1.00 GB reserved,       1.38 MB ( <1%) committed 
             Both:        1.01 GB reserved,      12.13 MB (  1%) committed 

Chunk freelists:
   Non-Class:  16.00 KB
       Class:  19.00 KB
        Both:  35.00 KB

MaxMetaspaceSize: 17179869184.00 GB
CompressedClassSpaceSize: 1.00 GB
Initial GC threshold: 20.80 MB
Current GC threshold: 20.80 MB
CDS: off

CodeHeap 'non-profiled nmethods': size=120064Kb used=233Kb max_used=233Kb free=119830Kb
 bounds [0x0000027e3d330000, 0x0000027e3d5a0000, 0x0000027e44870000]
CodeHeap 'profiled nmethods': size=120000Kb used=1101Kb max_used=1101Kb free=118898Kb
 bounds [0x0000027e35e00000, 0x0000027e36070000, 0x0000027e3d330000]
CodeHeap 'non-nmethods': size=5696Kb used=1221Kb max_used=1247Kb free=4475Kb
 bounds [0x0000027e35870000, 0x0000027e35ae0000, 0x0000027e35e00000]
 total_blobs=1183 nmethods=690 adapters=407
 compilation: enabled
              stopped_count=0, restarted_count=0
 full_count=0

Compilation events (20 events):
Event: 1.196 Thread 0x0000027e4c565000 nmethod 681 0x0000027e35f11310 code [0x0000027e35f11580, 0x0000027e35f11f48]
Event: 1.196 Thread 0x0000027e4c565000  682       1       java.net.URL::getAuthority (5 bytes)
Event: 1.196 Thread 0x0000027e4c565000 nmethod 682 0x0000027e3d363c90 code [0x0000027e3d363e40, 0x0000027e3d363ef8]
Event: 1.196 Thread 0x0000027e4c565000  683       1       java.net.URL::getPath (5 bytes)
Event: 1.196 Thread 0x0000027e4c565000 nmethod 683 0x0000027e3d363f90 code [0x0000027e3d364140, 0x0000027e3d3641f8]
Event: 1.196 Thread 0x0000027e4c565000  684       1       java.net.URL::getQuery (5 bytes)
Event: 1.196 Thread 0x0000027e4c565000 nmethod 684 0x0000027e3d364290 code [0x0000027e3d364440, 0x0000027e3d3644f8]
Event: 1.196 Thread 0x0000027e4c565000  685       1       java.net.URL::getRef (5 bytes)
Event: 1.196 Thread 0x0000027e4c565000 nmethod 685 0x0000027e3d364590 code [0x0000027e3d364740, 0x0000027e3d3647f8]
Event: 1.196 Thread 0x0000027e4c565000  686       1       jdk.internal.loader.URLClassPath$Loader::getBaseURL (5 bytes)
Event: 1.196 Thread 0x0000027e4c565000 nmethod 686 0x0000027e3d364890 code [0x0000027e3d364a40, 0x0000027e3d364af8]
Event: 1.199 Thread 0x0000027e4c565000  687       3       java.lang.Integer::valueOf (32 bytes)
Event: 1.199 Thread 0x0000027e4c565000 nmethod 687 0x0000027e35f12290 code [0x0000027e35f12460, 0x0000027e35f12778]
Event: 1.199 Thread 0x0000027e4c565000  688       3       java.lang.Integer::<init> (10 bytes)
Event: 1.199 Thread 0x0000027e4c565000 nmethod 688 0x0000027e35f12910 code [0x0000027e35f12ac0, 0x0000027e35f12c78]
Event: 1.199 Thread 0x0000027e4c565000  689       3       java.lang.Integer::hashCode (8 bytes)
Event: 1.199 Thread 0x0000027e4c565000 nmethod 689 0x0000027e35f12d90 code [0x0000027e35f12f40, 0x0000027e35f13098]
Event: 1.199 Thread 0x0000027e4c565000  690       3       java.lang.Integer::hashCode (2 bytes)
Event: 1.199 Thread 0x0000027e4c565000 nmethod 690 0x0000027e35f13190 code [0x0000027e35f13340, 0x0000027e35f13418]
Event: 1.202 Thread 0x0000027e4c564000 nmethod 525 0x0000027e3d364b90 code [0x0000027e3d364fa0, 0x0000027e3d368ad0]

GC Heap History (0 events):
No events

Deoptimization events (4 events):
Event: 0.172 Thread 0x0000027e2b960800 Uncommon trap: trap_request=0xffffff4d fr.pc=0x0000027e3d334490 relative=0x0000000000000170
Event: 0.172 Thread 0x0000027e2b960800 Uncommon trap: reason=unstable_if action=reinterpret pc=0x0000027e3d334490 method=java.lang.String.hashCode()I @ 14 c2
Event: 0.172 Thread 0x0000027e2b960800 DEOPT PACKING pc=0x0000027e3d334490 sp=0x000000fa7c6fda10
Event: 0.172 Thread 0x0000027e2b960800 DEOPT UNPACKING pc=0x0000027e358ba1af sp=0x000000fa7c6fd9a8 mode 2

Classes redefined (0 events):
No events

Internal exceptions (17 events):
Event: 0.396 Thread 0x0000027e2b960800 Exception <a 'java/lang/ClassNotFoundException'{0x0000000088133a20}: sun/awt/resources/spi/awtProvider> (0x0000000088133a20) thrown at [./src/hotspot/share/classfile/systemDictionary.cpp, line 231]
Event: 0.535 Thread 0x0000027e2b960800 Exception <a 'java/io/FileNotFoundException'{0x00000000881ca740}> (0x00000000881ca740) thrown at [./src/hotspot/share/prims/jni.cpp, line 615]
Event: 0.573 Thread 0x0000027e2b960800 Exception <a 'java/lang/NoSuchMethodError'{0x0000000088025b58}: 'java.lang.Object java.lang.invoke.DirectMethodHandle$Holder.invokeStatic(java.lang.Object, java.lang.Object, java.lang.Object, java.lang.Object, java.lang.Object, java.lang.Object, java.lang.Object, java.lang.Object, java.lang.Object, java.lang.Object, java.lang.Object, java.lang.Object, java.lang.Object, java.lang.Object, java.lang.Object)'> (0x0000000088025b58) thrown at [./src/hotspot/share/interpreter/linkResolver.cpp, line 773]
Event: 0.577 Thread 0x0000027e2b960800 Exception <a 'java/lang/NoSuchMethodError'{0x00000000880338c8}: 'java.lang.Object java.lang.invoke.DirectMethodHandle$Holder.invokeStatic(java.lang.Object, java.lang.Object, java.lang.Object, java.lang.Object, java.lang.Object, java.lang.Object, java.lang.Object, java.lang.Object, java.lang.Object, java.lang.Object, java.lang.Object, java.lang.Object, java.lang.Object, java.lang.Object, java.lang.Object, java.lang.Object)'> (0x00000000880338c8) thrown at [./src/hotspot/share/interpreter/linkResolver.cpp, l
Event: 0.581 Thread 0x0000027e2b960800 Exception <a 'java/lang/NoSuchMethodError'{0x00000000880419f0}: 'java.lang.Object java.lang.invoke.DirectMethodHandle$Holder.invokeSpecial(java.lang.Object, java.lang.Object, int, int, java.lang.Object, java.lang.Object, java.lang.Object)'> (0x00000000880419f0) thrown at [./src/hotspot/share/interpreter/linkResolver.cpp, line 773]
Event: 0.582 Thread 0x0000027e2b960800 Exception <a 'java/lang/NoSuchMethodError'{0x0000000088044f80}: 'java.lang.Object java.lang.invoke.DelegatingMethodHandle$Holder.reinvoke_L(java.lang.Object, int, int, java.lang.Object, java.lang.Object, java.lang.Object)'> (0x0000000088044f80) thrown at [./src/hotspot/share/interpreter/linkResolver.cpp, line 773]
Event: 0.583 Thread 0x0000027e2b960800 Exception <a 'java/lang/NoSuchMethodError'{0x0000000088049060}: 'java.lang.Object java.lang.invoke.DirectMethodHandle$Holder.invokeStatic(java.lang.Object, java.lang.Object, java.lang.Object, java.lang.Object, int)'> (0x0000000088049060) thrown at [./src/hotspot/share/interpreter/linkResolver.cpp, line 773]
Event: 0.616 Thread 0x0000027e2b960800 Exception <a 'java/io/FileNotFoundException'{0x00000000880abbe8}> (0x00000000880abbe8) thrown at [./src/hotspot/share/prims/jni.cpp, line 615]
Event: 0.762 Thread 0x0000027e4d3ee800 Exception <a 'java/lang/NoSuchMethodError'{0x0000000087f76410}: 'void java.lang.invoke.DirectMethodHandle$Holder.invokeSpecial(java.lang.Object, java.lang.Object)'> (0x0000000087f76410) thrown at [./src/hotspot/share/interpreter/linkResolver.cpp, line 773]
Event: 0.769 Thread 0x0000027e2b960800 Exception <a 'java/lang/NoSuchMethodError'{0x0000000087f3cbc0}: 'java.lang.Object java.lang.invoke.DirectMethodHandle$Holder.invokeStatic(java.lang.Object, java.lang.Object, java.lang.Object, java.lang.Object, java.lang.Object, java.lang.Object, java.lang.Object, java.lang.Object, int)'> (0x0000000087f3cbc0) thrown at [./src/hotspot/share/interpreter/linkResolver.cpp, line 773]
Event: 0.774 Thread 0x0000027e2b960800 Exception <a 'java/lang/NoSuchMethodError'{0x0000000087f56ca0}: 'java.lang.Object java.lang.invoke.DirectMethodHandle$Holder.invokeStatic(java.lang.Object, java.lang.Object, java.lang.Object, java.lang.Object, java.lang.Object, java.lang.Object, java.lang.Object, java.lang.Object, int, int)'> (0x0000000087f56ca0) thrown at [./src/hotspot/share/interpreter/linkResolver.cpp, line 773]
Event: 1.106 Thread 0x0000027e2b960800 Exception <a 'java/lang/NoSuchMethodError'{0x0000000087c09b20}: 'java.lang.Object java.lang.invoke.DirectMethodHandle$Holder.invokeStatic(java.lang.Object, int, java.lang.Object, java.lang.Object, java.lang.Object, java.lang.Object)'> (0x0000000087c09b20) thrown at [./src/hotspot/share/interpreter/linkResolver.cpp, line 773]
Event: 1.107 Thread 0x0000027e2b960800 Exception <a 'java/lang/NoSuchMethodError'{0x0000000087c10be0}: 'java.lang.Object java.lang.invoke.DirectMethodHandle$Holder.invokeStatic(java.lang.Object, int, java.lang.Object, java.lang.Object, java.lang.Object)'> (0x0000000087c10be0) thrown at [./src/hotspot/share/interpreter/linkResolver.cpp, line 773]
Event: 1.109 Thread 0x0000027e2b960800 Exception <a 'java/lang/NoSuchMethodError'{0x0000000087c14728}: 'java.lang.Object java.lang.invoke.DirectMethodHandle$Holder.invokeSpecial(java.lang.Object, java.lang.Object, int, java.lang.Object, java.lang.Object, java.lang.Object)'> (0x0000000087c14728) thrown at [./src/hotspot/share/interpreter/linkResolver.cpp, line 773]
Event: 1.114 Thread 0x0000027e2b960800 Exception <a 'java/lang/NoSuchMethodError'{0x0000000087c2bf68}: 'java.lang.Object java.lang.invoke.DirectMethodHandle$Holder.invokeStatic(java.lang.Object, int, java.lang.Object)'> (0x0000000087c2bf68) thrown at [./src/hotspot/share/interpreter/linkResolver.cpp, line 773]
Event: 1.150 Thread 0x0000027e2b960800 Exception <a 'java/lang/ClassNotFoundException'{0x0000000087cd6460}: com/sun/swing/internal/plaf/metal/resources/spi/metalProvider> (0x0000000087cd6460) thrown at [./src/hotspot/share/classfile/systemDictionary.cpp, line 231]
Event: 1.152 Thread 0x0000027e2b960800 Exception <a 'java/lang/ClassNotFoundException'{0x0000000087cdb2e8}: com/sun/swing/internal/plaf/basic/resources/spi/basicProvider> (0x0000000087cdb2e8) thrown at [./src/hotspot/share/classfile/systemDictionary.cpp, line 231]

Events (20 events):
Event: 1.198 loading class sun/awt/windows/WWindowPeer$ActiveWindowListener
Event: 1.198 loading class sun/awt/windows/WWindowPeer$ActiveWindowListener done
Event: 1.198 loading class sun/awt/windows/WWindowPeer$GuiDisposedListener
Event: 1.198 loading class sun/awt/windows/WWindowPeer$GuiDisposedListener done
Event: 1.198 loading class sun/awt/RepaintArea
Event: 1.198 loading class sun/awt/RepaintArea done
Event: 1.199 loading class sun/awt/ExtendedKeyCodes
Event: 1.199 loading class sun/awt/ExtendedKeyCodes done
Event: 1.202 loading class sun/awt/EmbeddedFrame
Event: 1.202 loading class sun/awt/EmbeddedFrame done
Event: 1.202 loading class sun/awt/LightweightFrame
Event: 1.202 loading class sun/awt/LightweightFrame done
Event: 1.203 Executing VM operation: RevokeBias
Event: 1.203 Executing VM operation: RevokeBias done
Event: 1.203 loading class sun/awt/im/InputMethodWindow
Event: 1.203 loading class sun/awt/im/InputMethodWindow done
Event: 1.206 loading class sun/java2d/ScreenUpdateManager
Event: 1.206 loading class sun/java2d/ScreenUpdateManager done
Event: 1.206 loading class sun/java2d/d3d/D3DScreenUpdateManager
Event: 1.206 loading class sun/java2d/d3d/D3DScreenUpdateManager done


Dynamic libraries:
0x00007ff7c8490000 - 0x00007ff7c849d000 	C:\Users\danie\AppData\Local\Programs\Eclipse Foundation\jdk-11.0.12.7-hotspot\bin\java.exe
0x00007fffbe910000 - 0x00007fffbeb05000 	C:\Windows\SYSTEM32\ntdll.dll
0x00007fffbe470000 - 0x00007fffbe52e000 	C:\Windows\System32\KERNEL32.DLL
0x00007fffbc5d0000 - 0x00007fffbc898000 	C:\Windows\System32\KERNELBASE.dll
0x00007fffbc220000 - 0x00007fffbc320000 	C:\Windows\System32\ucrtbase.dll
0x00007fff9eaf0000 - 0x00007fff9eb07000 	C:\Users\danie\AppData\Local\Programs\Eclipse Foundation\jdk-11.0.12.7-hotspot\bin\jli.dll
0x00007fff96130000 - 0x00007fff96145000 	C:\Users\danie\AppData\Local\Programs\Eclipse Foundation\jdk-11.0.12.7-hotspot\bin\VCRUNTIME140.dll
0x00007fffbdc50000 - 0x00007fffbddf1000 	C:\Windows\System32\USER32.dll
0x00007fffbc320000 - 0x00007fffbc342000 	C:\Windows\System32\win32u.dll
0x00007fffb5be0000 - 0x00007fffb5e7a000 	C:\Windows\WinSxS\amd64_microsoft.windows.common-controls_6595b64144ccf1df_6.0.19041.1110_none_60b5254171f9507e\COMCTL32.dll
0x00007fffbe8a0000 - 0x00007fffbe8cb000 	C:\Windows\System32\GDI32.dll
0x00007fffbd0a0000 - 0x00007fffbd13e000 	C:\Windows\System32\msvcrt.dll
0x00007fffbc350000 - 0x00007fffbc45d000 	C:\Windows\System32\gdi32full.dll
0x00007fffbc180000 - 0x00007fffbc21d000 	C:\Windows\System32\msvcp_win.dll
0x00007fffbe440000 - 0x00007fffbe470000 	C:\Windows\System32\IMM32.DLL
0x00007fff79d30000 - 0x00007fff79dcb000 	C:\Users\danie\AppData\Local\Programs\Eclipse Foundation\jdk-11.0.12.7-hotspot\bin\msvcp140.dll
0x00007fff557d0000 - 0x00007fff56329000 	C:\Users\danie\AppData\Local\Programs\Eclipse Foundation\jdk-11.0.12.7-hotspot\bin\server\jvm.dll
0x00007fffbe6c0000 - 0x00007fffbe76c000 	C:\Windows\System32\ADVAPI32.dll
0x00007fffbc950000 - 0x00007fffbc9eb000 	C:\Windows\System32\sechost.dll
0x00007fffbdb20000 - 0x00007fffbdc4a000 	C:\Windows\System32\RPCRT4.dll
0x00007fffbd090000 - 0x00007fffbd098000 	C:\Windows\System32\PSAPI.DLL
0x00007fffb35b0000 - 0x00007fffb35d7000 	C:\Windows\SYSTEM32\WINMM.dll
0x00007fffa3df0000 - 0x00007fffa3df9000 	C:\Windows\SYSTEM32\WSOCK32.dll
0x00007fffbd2c0000 - 0x00007fffbd32b000 	C:\Windows\System32\WS2_32.dll
0x00007fffb66b0000 - 0x00007fffb66ba000 	C:\Windows\SYSTEM32\VERSION.dll
0x00007fffb9f30000 - 0x00007fffb9f42000 	C:\Windows\SYSTEM32\kernel.appcore.dll
0x00007fffa10a0000 - 0x00007fffa10b0000 	C:\Users\danie\AppData\Local\Programs\Eclipse Foundation\jdk-11.0.12.7-hotspot\bin\verify.dll
0x00007fffa99c0000 - 0x00007fffa9ba4000 	C:\Windows\SYSTEM32\DBGHELP.DLL
0x00007fffa9760000 - 0x00007fffa978c000 	C:\Windows\SYSTEM32\dbgcore.DLL
0x00007fffbc460000 - 0x00007fffbc4e2000 	C:\Windows\System32\bcryptPrimitives.dll
0x00007fff915a0000 - 0x00007fff915c8000 	C:\Users\danie\AppData\Local\Programs\Eclipse Foundation\jdk-11.0.12.7-hotspot\bin\java.dll
0x00007fff9f160000 - 0x00007fff9f16a000 	C:\Users\danie\AppData\Local\Programs\Eclipse Foundation\jdk-11.0.12.7-hotspot\bin\jimage.dll
0x00007fff8f310000 - 0x00007fff8f327000 	C:\Users\danie\AppData\Local\Programs\Eclipse Foundation\jdk-11.0.12.7-hotspot\bin\zip.dll
0x00007fffbd330000 - 0x00007fffbda74000 	C:\Windows\System32\SHELL32.dll
0x00007fffba130000 - 0x00007fffba8c4000 	C:\Windows\SYSTEM32\windows.storage.dll
0x00007fffbdec0000 - 0x00007fffbe215000 	C:\Windows\System32\combase.dll
0x00007fffbba70000 - 0x00007fffbba9e000 	C:\Windows\SYSTEM32\Wldp.dll
0x00007fffbd210000 - 0x00007fffbd2bd000 	C:\Windows\System32\SHCORE.dll
0x00007fffbd030000 - 0x00007fffbd085000 	C:\Windows\System32\shlwapi.dll
0x00007fffbbf60000 - 0x00007fffbbf7f000 	C:\Windows\SYSTEM32\profapi.dll
0x00007fff8ebc0000 - 0x00007fff8ebd9000 	C:\Users\danie\AppData\Local\Programs\Eclipse Foundation\jdk-11.0.12.7-hotspot\bin\net.dll
0x00007fffb3d90000 - 0x00007fffb3e9c000 	C:\Windows\SYSTEM32\WINHTTP.dll
0x00007fffbb7d0000 - 0x00007fffbb83a000 	C:\Windows\system32\mswsock.dll
0x00007fff8e4b0000 - 0x00007fff8e4c2000 	C:\Users\danie\AppData\Local\Programs\Eclipse Foundation\jdk-11.0.12.7-hotspot\bin\nio.dll
0x00007fff64590000 - 0x00007fff64729000 	C:\Users\danie\AppData\Local\Programs\Eclipse Foundation\jdk-11.0.12.7-hotspot\bin\awt.dll
0x00007fffbd140000 - 0x00007fffbd20d000 	C:\Windows\System32\OLEAUT32.dll
0x00007fffb98b0000 - 0x00007fffb9940000 	C:\Windows\SYSTEM32\apphelp.dll
0x00007fffb9a50000 - 0x00007fffb9aee000 	C:\Windows\system32\uxtheme.dll
0x00007fffbcf10000 - 0x00007fffbd025000 	C:\Windows\System32\MSCTF.dll
0x00007fffbe770000 - 0x00007fffbe89a000 	C:\Windows\System32\ole32.dll
0x00007fffb9d20000 - 0x00007fffb9d4f000 	C:\Windows\system32\DWMAPI.DLL
0x00007fff65d30000 - 0x00007fff65e55000 	C:\Windows\system32\opengl32.dll
0x00007fff96a80000 - 0x00007fff96aac000 	C:\Windows\SYSTEM32\GLU32.dll
0x00007fffaf560000 - 0x00007fffaf730000 	C:\Windows\system32\d3d9.dll
0x00007fffb4860000 - 0x00007fffb4962000 	C:\Windows\System32\DriverStore\FileRepository\nv_dispi.inf_amd64_1c83a5d7cffd7bff\nvldumdx.dll
0x00007fffbbc00000 - 0x00007fffbbc12000 	C:\Windows\SYSTEM32\msasn1.dll
0x00007fffb5940000 - 0x00007fffb5971000 	C:\Windows\SYSTEM32\cryptnet.dll
0x00007fffbc020000 - 0x00007fffbc176000 	C:\Windows\System32\CRYPT32.dll
0x00007fffbb9e0000 - 0x00007fffbb9ec000 	C:\Windows\SYSTEM32\cryptbase.dll
0x00007fffbc570000 - 0x00007fffbc5d0000 	C:\Windows\System32\WINTRUST.DLL
0x00007fffbce70000 - 0x00007fffbce8d000 	C:\Windows\System32\imagehlp.dll
0x00007fffbb9c0000 - 0x00007fffbb9d8000 	C:\Windows\SYSTEM32\CRYPTSP.dll
0x00007fffbb080000 - 0x00007fffbb0b4000 	C:\Windows\system32\rsaenh.dll
0x00007fffbc540000 - 0x00007fffbc567000 	C:\Windows\System32\bcrypt.dll
0x00007fff53db0000 - 0x00007fff557cb000 	C:\Windows\System32\DriverStore\FileRepository\nv_dispi.inf_amd64_1c83a5d7cffd7bff\nvd3dumx.dll
0x00007fff935a0000 - 0x00007fff93859000 	C:\Windows\system32\nvspcap64.dll
0x00007fffbad10000 - 0x00007fffbad43000 	C:\Windows\SYSTEM32\ntmarta.dll
0x00007fffba8e0000 - 0x00007fffba903000 	C:\Windows\SYSTEM32\gpapi.dll
0x00007fffb4c10000 - 0x00007fffb4c4b000 	C:\Windows\SYSTEM32\dxcore.dll
0x00007fffbc4f0000 - 0x00007fffbc53e000 	C:\Windows\System32\cfgmgr32.dll

dbghelp: loaded successfully - version: 4.0.5 - missing functions: none
symbol engine: initialized successfully - sym options: 0x614 - pdb path: .;C:\Users\danie\AppData\Local\Programs\Eclipse Foundation\jdk-11.0.12.7-hotspot\bin;C:\Windows\SYSTEM32;C:\Windows\WinSxS\amd64_microsoft.windows.common-controls_6595b64144ccf1df_6.0.19041.1110_none_60b5254171f9507e;C:\Users\danie\AppData\Local\Programs\Eclipse Foundation\jdk-11.0.12.7-hotspot\bin\server;C:\Windows\System32\DriverStore\FileRepository\nv_dispi.inf_amd64_1c83a5d7cffd7bff

VM Arguments:
java_command: JavaInterface
java_class_path (initial): C:\Users\danie\AppData\Roaming\Code\User\workspaceStorage\7e6bae55d2f5c557fabafa0ea68015a5\redhat.java\jdt_ws\TrabalhoLPIII_535a9293\bin;c:\Users\danie\Desktop\processing-4.0b2-windows64\processing\core\library\core.jar
Launcher Type: SUN_STANDARD

[Global flags]
     intx CICompilerCount                          = 3                                         {product} {ergonomic}
     uint ConcGCThreads                            = 2                                         {product} {ergonomic}
     uint G1ConcRefinementThreads                  = 6                                         {product} {ergonomic}
   size_t G1HeapRegionSize                         = 1048576                                   {product} {ergonomic}
    uintx GCDrainStackTargetSize                   = 64                                        {product} {ergonomic}
   size_t InitialHeapSize                          = 134217728                                 {product} {ergonomic}
   size_t MarkStackSize                            = 4194304                                   {product} {ergonomic}
   size_t MaxHeapSize                              = 2143289344                                {product} {ergonomic}
   size_t MaxNewSize                               = 1285554176                                {product} {ergonomic}
   size_t MinHeapDeltaBytes                        = 1048576                                   {product} {ergonomic}
    uintx NonNMethodCodeHeapSize                   = 5830732                                {pd product} {ergonomic}
    uintx NonProfiledCodeHeapSize                  = 122913754                              {pd product} {ergonomic}
    uintx ProfiledCodeHeapSize                     = 122913754                              {pd product} {ergonomic}
    uintx ReservedCodeCacheSize                    = 251658240                              {pd product} {ergonomic}
     bool SegmentedCodeCache                       = true                                      {product} {ergonomic}
     bool UseCompressedClassPointers               = true                                 {lp64_product} {ergonomic}
     bool UseCompressedOops                        = true                                 {lp64_product} {ergonomic}
     bool UseG1GC                                  = true                                      {product} {ergonomic}
     bool UseLargePagesIndividualAllocation        = false                                  {pd product} {ergonomic}

Logging:
Log output configuration:
 #0: stdout all=warning uptime,level,tags
 #1: stderr all=off uptime,level,tags

Environment Variables:
JAVA_HOME=C:\Users\danie\AppData\Local\Programs\Eclipse Foundation\jdk-11.0.12.7-hotspot\
PATH=E:\Arquivos de Programas (x86)\VMware\bin\;C:\Program Files (x86)\Common Files\Oracle\Java\javapath;C:\Windows\system32;C:\Windows;C:\Windows\System32\Wbem;C:\Windows\System32\WindowsPowerShell\v1.0\;C:\Windows\System32\OpenSSH\;C:\Program Files\Git\cmd;C:\Program Files\NVIDIA Corporation\NVIDIA NvDLISR;C:\ProgramData\chocolatey\bin;C:\Program Files\OpenJDK\openjdk-8u275-b01\bin;C:\Program Files\nodejs\;C:\Program Files (x86)\Yarn\bin\;C:\Users\danie\AppData\Local\Programs\Eclipse Foundation\jdk-11.0.12.7-hotspot\bin;C:\Users\danie\AppData\Local\Programs\Python\Python39\Scripts\;C:\Users\danie\AppData\Local\Programs\Python\Python39\;C:\Users\danie\AppData\Local\Microsoft\WindowsApps;C:\Users\danie\AppData\Local\Programs\Microsoft VS Code\bin;C:\Users\danie\AppData\Local\Android\Sdk\platform-tools;C:\MinGW\bin;C:\Users\danie\AppData\Local\GitHubDesktop\bin;C:\Users\danie\AppData\Roaming\npm;C:\Users\danie\AppData\Local\Yarn\bin;C:\Users\danie\Desktop\processing-4.0b2-windows64\processing;
USERNAME=Daniel
LANG=pt_BR.UTF-8
OS=Windows_NT
PROCESSOR_IDENTIFIER=AMD64 Family 21 Model 2 Stepping 0, AuthenticAMD



---------------  S Y S T E M  ---------------

OS: Windows 10 , 64 bit Build 19041 (10.0.19041.1348)
OS uptime: 0 days 9:44 hours

CPU:total 6 (initial active 6) (6 cores per cpu, 1 threads per core) family 21 model 2 stepping 0 microcode 0x0, cmov, cx8, fxsr, mmx, sse, sse2, sse3, ssse3, sse4.1, sse4.2, popcnt, avx, aes, clmul, mmxext, 3dnowpref, lzcnt, sse4a, tsc, tscinvbit, tscinv, bmi1, fma

Memory: 4k page, system-wide physical 8173M (1548M free)
TotalPageFile size 14457M (AvailPageFile size 2441M)
current process WorkingSet (physical memory assigned to process): 74M, peak: 75M
current process commit charge ("private bytes"): 232M, peak: 234M

vm_info: OpenJDK 64-Bit Server VM (11.0.12+7) for windows-amd64 JRE (11.0.12+7), built on Jul 21 2021 16:23:49 by "" with unknown MS VC++:1916

END.
